  main.c
c:\users\sophie\documents\visual studio 2015\projects\cpts 122 spring 2017\pa's\pa1 - fitbit\pa1 - fitbit\main.c(14): warning C4996: 'fopen': This function or variable may be unsafe. Consider using fopen_s instead. To disable deprecation, use _CRT_SECURE_NO_WARNINGS. See online help for details.
  c:\program files (x86)\windows kits\10\include\10.0.10240.0\ucrt\stdio.h(205): note: see declaration of 'fopen'
c:\users\sophie\documents\visual studio 2015\projects\cpts 122 spring 2017\pa's\pa1 - fitbit\pa1 - fitbit\main.c(17): warning C4996: 'fopen': This function or variable may be unsafe. Consider using fopen_s instead. To disable deprecation, use _CRT_SECURE_NO_WARNINGS. See online help for details.
  c:\program files (x86)\windows kits\10\include\10.0.10240.0\ucrt\stdio.h(205): note: see declaration of 'fopen'
  functions.c
c:\users\sophie\documents\visual studio 2015\projects\cpts 122 spring 2017\pa's\pa1 - fitbit\pa1 - fitbit\functions.c(20): warning C4018: '<': signed/unsigned mismatch
c:\users\sophie\documents\visual studio 2015\projects\cpts 122 spring 2017\pa's\pa1 - fitbit\pa1 - fitbit\functions.c(28): warning C4018: '<': signed/unsigned mismatch
c:\users\sophie\documents\visual studio 2015\projects\cpts 122 spring 2017\pa's\pa1 - fitbit\pa1 - fitbit\functions.c(56): warning C4047: '=': 'char' differs in levels of indirection from 'char *'
c:\users\sophie\documents\visual studio 2015\projects\cpts 122 spring 2017\pa's\pa1 - fitbit\pa1 - fitbit\functions.c(48): warning C4996: 'strcat': This function or variable may be unsafe. Consider using strcat_s instead. To disable deprecation, use _CRT_SECURE_NO_WARNINGS. See online help for details.
  c:\program files (x86)\windows kits\10\include\10.0.10240.0\ucrt\string.h(90): note: see declaration of 'strcat'
c:\users\sophie\documents\visual studio 2015\projects\cpts 122 spring 2017\pa's\pa1 - fitbit\pa1 - fitbit\functions.c(55): warning C4996: 'strtok': This function or variable may be unsafe. Consider using strtok_s instead. To disable deprecation, use _CRT_SECURE_NO_WARNINGS. See online help for details.
  c:\program files (x86)\windows kits\10\include\10.0.10240.0\ucrt\string.h(453): note: see declaration of 'strtok'
c:\users\sophie\documents\visual studio 2015\projects\cpts 122 spring 2017\pa's\pa1 - fitbit\pa1 - fitbit\functions.c(59): warning C4996: 'strtok': This function or variable may be unsafe. Consider using strtok_s instead. To disable deprecation, use _CRT_SECURE_NO_WARNINGS. See online help for details.
  c:\program files (x86)\windows kits\10\include\10.0.10240.0\ucrt\string.h(453): note: see declaration of 'strtok'
c:\users\sophie\documents\visual studio 2015\projects\cpts 122 spring 2017\pa's\pa1 - fitbit\pa1 - fitbit\functions.c(64): warning C4996: 'strtok': This function or variable may be unsafe. Consider using strtok_s instead. To disable deprecation, use _CRT_SECURE_NO_WARNINGS. See online help for details.
  c:\program files (x86)\windows kits\10\include\10.0.10240.0\ucrt\string.h(453): note: see declaration of 'strtok'
c:\users\sophie\documents\visual studio 2015\projects\cpts 122 spring 2017\pa's\pa1 - fitbit\pa1 - fitbit\functions.c(69): warning C4996: 'strtok': This function or variable may be unsafe. Consider using strtok_s instead. To disable deprecation, use _CRT_SECURE_NO_WARNINGS. See online help for details.
  c:\program files (x86)\windows kits\10\include\10.0.10240.0\ucrt\string.h(453): note: see declaration of 'strtok'
c:\users\sophie\documents\visual studio 2015\projects\cpts 122 spring 2017\pa's\pa1 - fitbit\pa1 - fitbit\functions.c(74): warning C4996: 'strtok': This function or variable may be unsafe. Consider using strtok_s instead. To disable deprecation, use _CRT_SECURE_NO_WARNINGS. See online help for details.
  c:\program files (x86)\windows kits\10\include\10.0.10240.0\ucrt\string.h(453): note: see declaration of 'strtok'
c:\users\sophie\documents\visual studio 2015\projects\cpts 122 spring 2017\pa's\pa1 - fitbit\pa1 - fitbit\functions.c(80): warning C4996: 'strtok': This function or variable may be unsafe. Consider using strtok_s instead. To disable deprecation, use _CRT_SECURE_NO_WARNINGS. See online help for details.
  c:\program files (x86)\windows kits\10\include\10.0.10240.0\ucrt\string.h(453): note: see declaration of 'strtok'
c:\users\sophie\documents\visual studio 2015\projects\cpts 122 spring 2017\pa's\pa1 - fitbit\pa1 - fitbit\functions.c(85): warning C4996: 'strtok': This function or variable may be unsafe. Consider using strtok_s instead. To disable deprecation, use _CRT_SECURE_NO_WARNINGS. See online help for details.
  c:\program files (x86)\windows kits\10\include\10.0.10240.0\ucrt\string.h(453): note: see declaration of 'strtok'
c:\users\sophie\documents\visual studio 2015\projects\cpts 122 spring 2017\pa's\pa1 - fitbit\pa1 - fitbit\functions.c(165): warning C4018: '>': signed/unsigned mismatch
  Generating Code...
  PA1 - Fitbit.vcxproj -> C:\Users\Sophie\Documents\Visual Studio 2015\Projects\CptS 122 Spring 2017\PA's\PA1 - Fitbit\Debug\PA1 - Fitbit.exe
  PA1 - Fitbit.vcxproj -> C:\Users\Sophie\Documents\Visual Studio 2015\Projects\CptS 122 Spring 2017\PA's\PA1 - Fitbit\Debug\PA1 - Fitbit.pdb (Full PDB)
